<?xml version="1.0" encoding="UTF-8"?>
<testng-results skipped="0" failed="0" total="4" passed="4">
  <reporter-output>
  </reporter-output>
  <suite name="Default suite" duration-ms="197887" started-at="2021-12-15T05:04:21Z" finished-at="2021-12-15T05:07:39Z">
    <groups>
    </groups>
    <test name="Default test" duration-ms="197887" started-at="2021-12-15T05:04:21Z" finished-at="2021-12-15T05:07:39Z">
      <class name="com.testcases.SearchTest">
        <test-method status="PASS" signature="reportSetup()[pri:0, instance:com.testcases.SearchTest@735b478]" name="reportSetup" is-config="true" duration-ms="185" started-at="2021-12-15T07:04:21Z" finished-at="2021-12-15T07:04:21Z">
          <reporter-output>
          </reporter-output>
        </test-method> <!-- reportSetup -->
        <test-method status="PASS" signature="launchBrowser()[pri:0, instance:com.testcases.SearchTest@735b478]" name="launchBrowser" is-config="true" duration-ms="12493" started-at="2021-12-15T07:04:21Z" finished-at="2021-12-15T07:04:33Z">
          <reporter-output>
          </reporter-output>
        </test-method> <!-- launchBrowser -->
        <test-method status="PASS" signature="searchItems(java.lang.String)[pri:0, instance:com.testcases.SearchTest@735b478]" name="searchItems" duration-ms="46456" started-at="2021-12-15T07:04:34Z" data-provider="getData" finished-at="2021-12-15T07:05:20Z">
          <params>
            <param index="0">
              <value>
                <![CDATA[Apples]]>
              </value>
            </param>
          </params>
          <reporter-output>
          </reporter-output>
        </test-method> <!-- searchItems -->
        <test-method status="PASS" signature="searchItems(java.lang.String)[pri:0, instance:com.testcases.SearchTest@735b478]" name="searchItems" duration-ms="44391" started-at="2021-12-15T07:05:20Z" data-provider="getData" finished-at="2021-12-15T07:06:05Z">
          <params>
            <param index="0">
              <value>
                <![CDATA[Mangos]]>
              </value>
            </param>
          </params>
          <reporter-output>
          </reporter-output>
        </test-method> <!-- searchItems -->
        <test-method status="PASS" signature="searchItems(java.lang.String)[pri:0, instance:com.testcases.SearchTest@735b478]" name="searchItems" duration-ms="47449" started-at="2021-12-15T07:06:05Z" data-provider="getData" finished-at="2021-12-15T07:06:52Z">
          <params>
            <param index="0">
              <value>
                <![CDATA[Carrots]]>
              </value>
            </param>
          </params>
          <reporter-output>
          </reporter-output>
        </test-method> <!-- searchItems -->
        <test-method status="PASS" signature="searchItems(java.lang.String)[pri:0, instance:com.testcases.SearchTest@735b478]" name="searchItems" duration-ms="45345" started-at="2021-12-15T07:06:52Z" data-provider="getData" finished-at="2021-12-15T07:07:37Z">
          <params>
            <param index="0">
              <value>
                <![CDATA[Masala]]>
              </value>
            </param>
          </params>
          <reporter-output>
          </reporter-output>
        </test-method> <!-- searchItems -->
        <test-method status="PASS" signature="closeSetup()[pri:0, instance:com.testcases.SearchTest@735b478]" name="closeSetup" is-config="true" duration-ms="937" started-at="2021-12-15T07:07:37Z" finished-at="2021-12-15T07:07:38Z">
          <reporter-output>
          </reporter-output>
        </test-method> <!-- closeSetup -->
        <test-method status="PASS" signature="closeReportSetup()[pri:0, instance:com.testcases.SearchTest@735b478]" name="closeReportSetup" is-config="true" duration-ms="200" started-at="2021-12-15T07:07:38Z" finished-at="2021-12-15T07:07:39Z">
          <reporter-output>
          </reporter-output>
        </test-method> <!-- closeReportSetup -->
      </class> <!-- com.testcases.SearchTest -->
    </test> <!-- Default test -->
  </suite> <!-- Default suite -->
</testng-results>
