<?xml version="1.0" encoding="UTF-8"?>
<!-- Generated by org.testng.reporters.JUnitXMLReporter -->
<testsuite hostname="SAJHNELGWN41481" name="Default test" tests="4" failures="0" timestamp="15 Dec 2021 05:07:39 GMT" time="197.887" errors="0">
  <testcase name="searchItems" time="46.456" classname="com.testcases.SearchTest"/>
  <testcase name="searchItems" time="44.391" classname="com.testcases.SearchTest"/>
  <testcase name="searchItems" time="47.449" classname="com.testcases.SearchTest"/>
  <testcase name="searchItems" time="45.345" classname="com.testcases.SearchTest"/>
</testsuite> <!-- Default test -->
